<?xml version="1.0" encoding="utf-8"?><testsuites name="pytest tests"><testsuite name="pytest" errors="0" failures="0" skipped="0" tests="21" time="8.897" timestamp="2026-07-07T12:04:05.470875+00:00" hostname="agent-env-d025bed8-32b3-4be8-9fc6-5889e48a5d05"><testcase classname="tests.backend_test.TestAuth" name="test_login_ok" time="0.472" /><testcase classname="tests.backend_test.TestAuth" name="test_login_wrong" time="0.274" /><testcase classname="tests.backend_test.TestAuth" name="test_me_requires_token" time="0.047" /><testcase classname="tests.backend_test.TestAuth" name="test_me_ok" time="0.322" /><testcase classname="tests.backend_test.TestStores" name="test_unauth" time="0.046" /><testcase classname="tests.backend_test.TestStores" name="test_list_seeded" time="0.049" /><testcase classname="tests.backend_test.TestStores" name="test_search_filter" time="0.045" /><testcase classname="tests.backend_test.TestStores" name="test_region_filter" time="0.051" /><testcase classname="tests.backend_test.TestStores" name="test_city_filter" time="0.046" /><testcase classname="tests.backend_test.TestStores" name="test_create_and_duplicate" time="0.447" /><testcase classname="tests.backend_test.TestReceiverVerify" name="test_invalid_token" time="0.047" /><testcase classname="tests.backend_test.TestReceiverVerify" name="test_valid_token" time="0.097" /><testcase classname="tests.backend_test.TestBroadcast" name="test_create_session_validation" time="0.141" /><testcase classname="tests.backend_test.TestBroadcast" name="test_create_and_start_targets_offline" time="0.568" /><testcase classname="tests.backend_test.TestBroadcast" name="test_emergency_stop_no_session" time="0.104" /><testcase classname="tests.backend_test.TestBroadcast" name="test_history_and_current" time="0.094" /><testcase classname="tests.backend_test.TestLogs" name="test_logs_auth" time="0.046" /><testcase classname="tests.backend_test.TestLogs" name="test_logs_list" time="0.047" /><testcase classname="tests.backend_test.TestLogs" name="test_logs_level_filter" time="0.050" /><testcase classname="tests.backend_test.TestWebsocket" name="test_ws_receiver_invalid" time="0.152" /><testcase classname="tests.backend_test.TestWebsocket" name="test_ws_receiver_valid_marks_online_and_targeted_play" time="5.631" /></testsuite></testsuites>